<?xml version="1.0" encoding="UTF-8"?>
<!-- Generated by org.testng.reporters.JUnitReportReporter -->
<testsuite hostname="DESKTOP-RIKKBBL" name="runners.CP_Positive_Test" tests="1" failures="0" timestamp="24 Mar 2020 11:20:53 GMT" time="10.647" errors="0">
  <testcase name="feature" time="10.647" classname="runners.CP_Positive_Test"/>
</testsuite> <!-- runners.CP_Positive_Test -->
