<?xml version="1.0" encoding="UTF-8"?>
<!-- Generated by org.testng.reporters.JUnitReportReporter -->
<testsuite hostname="DESKTOP-RIKKBBL" name="runners.WikiTest" tests="1" failures="0" timestamp="17 Mar 2020 13:50:48 GMT" time="15.084" errors="0">
  <testcase name="feature" time="15.084" classname="runners.WikiTest"/>
</testsuite> <!-- runners.WikiTest -->
