<?xml version="1.0" encoding="UTF-8"?>
<!-- Generated by org.testng.reporters.JUnitReportReporter -->
<testsuite hostname="DESKTOP-RIKKBBL" name="runners.PositiveTest" tests="1" failures="0" timestamp="16 Mar 2020 16:02:50 GMT" time="18.973" errors="0">
  <testcase name="feature" time="18.973" classname="runners.PositiveTest"/>
</testsuite> <!-- runners.PositiveTest -->
