<?xml version="1.0" encoding="UTF-8"?>
<!-- Generated by org.testng.reporters.JUnitReportReporter -->
<testsuite skipped="0" hostname="DESKTOP-RIKKBBL" name="LoginTest" tests="1" failures="0" timestamp="2020-01-18T12:13:12 CET" time="11.262" errors="0">
  <testcase name="setUp" time="11.262" classname="LoginTest"/>
</testsuite> <!-- LoginTest -->
